{"/var/www/html/test-restAPI/src/app.js": {"path":"/var/www/html/test-restAPI/src/app.js","statementMap":{"0":{"start":{"line":1,"column":0},"end":{"line":1,"column":26}},"1":{"start":{"line":2,"column":16},"end":{"line":2,"column":34}},"2":{"start":{"line":3,"column":12},"end":{"line":3,"column":21}},"3":{"start":{"line":4,"column":19},"end":{"line":4,"column":41}},"4":{"start":{"line":8,"column":19},"end":{"line":8,"column":43}},"5":{"start":{"line":9,"column":23},"end":{"line":9,"column":51}},"6":{"start":{"line":10,"column":21},"end":{"line":10,"column":48}},"7":{"start":{"line":13,"column":0},"end":{"line":13,"column":51}},"8":{"start":{"line":16,"column":0},"end":{"line":16,"column":26}},"9":{"start":{"line":19,"column":0},"end":{"line":19,"column":37}},"10":{"start":{"line":22,"column":0},"end":{"line":22,"column":43}},"11":{"start":{"line":25,"column":0},"end":{"line":25,"column":40}},"12":{"start":{"line":28,"column":0},"end":{"line":30,"column":2}},"13":{"start":{"line":29,"column":4},"end":{"line":29,"column":48}},"14":{"start":{"line":33,"column":0},"end":{"line":33,"column":21}}},"fnMap":{"0":{"name":"(anonymous_0)","decl":{"start":{"line":28,"column":8},"end":{"line":28,"column":9}},"loc":{"start":{"line":28,"column":33},"end":{"line":30,"column":1}},"line":28}},"branchMap":{},"s":{"0":2,"1":2,"2":2,"3":2,"4":2,"5":2,"6":2,"7":2,"8":2,"9":2,"10":2,"11":2,"12":2,"13":1,"14":2},"f":{"0":1},"b":{},"_coverageSchema":"1a1c01bbd47fc00a2c39e90264f33305004495a9","hash":"201c407deeaea1dea25fa8f31028358a2fc75fb2"}
,"/var/www/html/test-restAPI/src/auth.js": {"path":"/var/www/html/test-restAPI/src/auth.js","statementMap":{"0":{"start":{"line":1,"column":15},"end":{"line":1,"column":34}},"1":{"start":{"line":2,"column":12},"end":{"line":2,"column":35}},"2":{"start":{"line":5,"column":28},"end":{"line":14,"column":1}},"3":{"start":{"line":6,"column":16},"end":{"line":6,"column":57}},"4":{"start":{"line":8,"column":18},"end":{"line":11,"column":6}},"5":{"start":{"line":13,"column":4},"end":{"line":13,"column":52}},"6":{"start":{"line":17,"column":20},"end":{"line":36,"column":1}},"7":{"start":{"line":18,"column":25},"end":{"line":18,"column":53}},"8":{"start":{"line":19,"column":18},"end":{"line":19,"column":60}},"9":{"start":{"line":21,"column":4},"end":{"line":21,"column":70}},"10":{"start":{"line":21,"column":15},"end":{"line":21,"column":70}},"11":{"start":{"line":23,"column":4},"end":{"line":35,"column":5}},"12":{"start":{"line":24,"column":8},"end":{"line":31,"column":10}},"13":{"start":{"line":26,"column":12},"end":{"line":26,"column":81}},"14":{"start":{"line":26,"column":20},"end":{"line":26,"column":81}},"15":{"start":{"line":28,"column":12},"end":{"line":28,"column":28}},"16":{"start":{"line":29,"column":12},"end":{"line":29,"column":19}},"17":{"start":{"line":34,"column":8},"end":{"line":34,"column":18}},"18":{"start":{"line":38,"column":0},"end":{"line":41,"column":1}}},"fnMap":{"0":{"name":"(anonymous_0)","decl":{"start":{"line":5,"column":28},"end":{"line":5,"column":29}},"loc":{"start":{"line":5,"column":38},"end":{"line":14,"column":1}},"line":5},"1":{"name":"(anonymous_1)","decl":{"start":{"line":17,"column":20},"end":{"line":17,"column":21}},"loc":{"start":{"line":17,"column":40},"end":{"line":36,"column":1}},"line":17},"2":{"name":"(anonymous_2)","decl":{"start":{"line":24,"column":41},"end":{"line":24,"column":42}},"loc":{"start":{"line":24,"column":56},"end":{"line":31,"column":9}},"line":24}},"branchMap":{"0":{"loc":{"start":{"line":19,"column":18},"end":{"line":19,"column":60}},"type":"binary-expr","locations":[{"start":{"line":19,"column":18},"end":{"line":19,"column":30}},{"start":{"line":19,"column":34},"end":{"line":19,"column":60}}],"line":19},"1":{"loc":{"start":{"line":21,"column":4},"end":{"line":21,"column":70}},"type":"if","locations":[{"start":{"line":21,"column":4},"end":{"line":21,"column":70}},{"start":{"line":21,"column":4},"end":{"line":21,"column":70}}],"line":21},"2":{"loc":{"start":{"line":26,"column":12},"end":{"line":26,"column":81}},"type":"if","locations":[{"start":{"line":26,"column":12},"end":{"line":26,"column":81}},{"start":{"line":26,"column":12},"end":{"line":26,"column":81}}],"line":26}},"s":{"0":3,"1":3,"2":3,"3":4,"4":4,"5":3,"6":3,"7":20,"8":20,"9":20,"10":4,"11":16,"12":16,"13":16,"14":3,"15":13,"16":13,"17":1,"18":3},"f":{"0":4,"1":20,"2":16},"b":{"0":[20,17],"1":[4,16],"2":[3,13]},"_coverageSchema":"1a1c01bbd47fc00a2c39e90264f33305004495a9","hash":"8d90774f8f938f949805a3cce98cf31161e204e9"}
,"/var/www/html/test-restAPI/src/_helpers/index.js": {"path":"/var/www/html/test-restAPI/src/_helpers/index.js","statementMap":{"0":{"start":{"line":1,"column":21},"end":{"line":1,"column":42}},"1":{"start":{"line":2,"column":12},"end":{"line":2,"column":35}},"2":{"start":{"line":3,"column":11},"end":{"line":3,"column":33}},"3":{"start":{"line":7,"column":18},"end":{"line":17,"column":1}},"4":{"start":{"line":8,"column":4},"end":{"line":16,"column":5}},"5":{"start":{"line":9,"column":21},"end":{"line":9,"column":56}},"6":{"start":{"line":10,"column":17},"end":{"line":10,"column":37}},"7":{"start":{"line":12,"column":4},"end":{"line":12,"column":22}},"8":{"start":{"line":15,"column":8},"end":{"line":15,"column":27}},"9":{"start":{"line":20,"column":21},"end":{"line":38,"column":1}},"10":{"start":{"line":21,"column":4},"end":{"line":36,"column":6}},"11":{"start":{"line":22,"column":29},"end":{"line":22,"column":64}},"12":{"start":{"line":23,"column":28},"end":{"line":23,"column":39}},"13":{"start":{"line":25,"column":8},"end":{"line":33,"column":9}},"14":{"start":{"line":27,"column":12},"end":{"line":27,"column":21}},"15":{"start":{"line":28,"column":12},"end":{"line":28,"column":37}},"16":{"start":{"line":32,"column":12},"end":{"line":32,"column":25}},"17":{"start":{"line":35,"column":12},"end":{"line":35,"column":31}},"18":{"start":{"line":40,"column":0},"end":{"line":43,"column":1}}},"fnMap":{"0":{"name":"(anonymous_0)","decl":{"start":{"line":7,"column":18},"end":{"line":7,"column":19}},"loc":{"start":{"line":7,"column":30},"end":{"line":17,"column":1}},"line":7},"1":{"name":"(anonymous_1)","decl":{"start":{"line":20,"column":21},"end":{"line":20,"column":22}},"loc":{"start":{"line":20,"column":38},"end":{"line":38,"column":1}},"line":20}},"branchMap":{"0":{"loc":{"start":{"line":25,"column":8},"end":{"line":33,"column":9}},"type":"if","locations":[{"start":{"line":25,"column":8},"end":{"line":33,"column":9}},{"start":{"line":25,"column":8},"end":{"line":33,"column":9}}],"line":25}},"s":{"0":3,"1":3,"2":3,"3":3,"4":29,"5":29,"6":28,"7":28,"8":1,"9":3,"10":22,"11":22,"12":21,"13":21,"14":1,"15":1,"16":20,"17":1,"18":3},"f":{"0":29,"1":22},"b":{"0":[1,20]},"_coverageSchema":"1a1c01bbd47fc00a2c39e90264f33305004495a9","hash":"70ca30cf543aa69d0d84b39f34c1eaf671b1735f"}
,"/var/www/html/test-restAPI/src/actions/index.js": {"path":"/var/www/html/test-restAPI/src/actions/index.js","statementMap":{"0":{"start":{"line":1,"column":14},"end":{"line":1,"column":35}},"1":{"start":{"line":2,"column":11},"end":{"line":2,"column":33}},"2":{"start":{"line":3,"column":36},"end":{"line":3,"column":58}},"3":{"start":{"line":6,"column":19},"end":{"line":6,"column":96}},"4":{"start":{"line":9,"column":27},"end":{"line":12,"column":2}},"5":{"start":{"line":16,"column":17},"end":{"line":33,"column":1}},"6":{"start":{"line":17,"column":4},"end":{"line":32,"column":5}},"7":{"start":{"line":18,"column":25},"end":{"line":24,"column":10}},"8":{"start":{"line":26,"column":24},"end":{"line":26,"column":45}},"9":{"start":{"line":28,"column":7},"end":{"line":28,"column":84}},"10":{"start":{"line":31,"column":8},"end":{"line":31,"column":27}},"11":{"start":{"line":36,"column":20},"end":{"line":55,"column":1}},"12":{"start":{"line":37,"column":4},"end":{"line":54,"column":5}},"13":{"start":{"line":38,"column":25},"end":{"line":38,"column":42}},"14":{"start":{"line":39,"column":27},"end":{"line":39,"column":55}},"15":{"start":{"line":40,"column":25},"end":{"line":46,"column":10}},"16":{"start":{"line":48,"column":24},"end":{"line":48,"column":45}},"17":{"start":{"line":49,"column":8},"end":{"line":49,"column":23}},"18":{"start":{"line":52,"column":8},"end":{"line":52,"column":27}},"19":{"start":{"line":58,"column":19},"end":{"line":78,"column":1}},"20":{"start":{"line":59,"column":4},"end":{"line":77,"column":5}},"21":{"start":{"line":60,"column":25},"end":{"line":60,"column":42}},"22":{"start":{"line":61,"column":27},"end":{"line":61,"column":55}},"23":{"start":{"line":63,"column":25},"end":{"line":69,"column":10}},"24":{"start":{"line":71,"column":24},"end":{"line":71,"column":45}},"25":{"start":{"line":72,"column":8},"end":{"line":72,"column":23}},"26":{"start":{"line":75,"column":8},"end":{"line":75,"column":27}},"27":{"start":{"line":80,"column":0},"end":{"line":84,"column":1}}},"fnMap":{"0":{"name":"(anonymous_0)","decl":{"start":{"line":16,"column":17},"end":{"line":16,"column":18}},"loc":{"start":{"line":16,"column":28},"end":{"line":33,"column":1}},"line":16},"1":{"name":"(anonymous_1)","decl":{"start":{"line":36,"column":20},"end":{"line":36,"column":21}},"loc":{"start":{"line":36,"column":32},"end":{"line":55,"column":1}},"line":36},"2":{"name":"(anonymous_2)","decl":{"start":{"line":58,"column":19},"end":{"line":58,"column":20}},"loc":{"start":{"line":58,"column":31},"end":{"line":78,"column":1}},"line":58}},"branchMap":{"0":{"loc":{"start":{"line":6,"column":19},"end":{"line":6,"column":96}},"type":"binary-expr","locations":[{"start":{"line":6,"column":19},"end":{"line":6,"column":41}},{"start":{"line":6,"column":45},"end":{"line":6,"column":96}}],"line":6},"1":{"loc":{"start":{"line":10,"column":19},"end":{"line":10,"column":49}},"type":"binary-expr","locations":[{"start":{"line":10,"column":19},"end":{"line":10,"column":40}},{"start":{"line":10,"column":44},"end":{"line":10,"column":49}}],"line":10},"2":{"loc":{"start":{"line":11,"column":23},"end":{"line":11,"column":60}},"type":"binary-expr","locations":[{"start":{"line":11,"column":23},"end":{"line":11,"column":48}},{"start":{"line":11,"column":52},"end":{"line":11,"column":60}}],"line":11}},"s":{"0":3,"1":3,"2":3,"3":3,"4":3,"5":3,"6":2,"7":2,"8":2,"9":2,"10":1,"11":3,"12":12,"13":12,"14":12,"15":12,"16":12,"17":12,"18":0,"19":3,"20":7,"21":7,"22":7,"23":7,"24":7,"25":7,"26":0,"27":3},"f":{"0":2,"1":12,"2":7},"b":{"0":[3,1],"1":[3,1],"2":[3,1]},"_coverageSchema":"1a1c01bbd47fc00a2c39e90264f33305004495a9","hash":"44b69040e555d52fc31bef04293d119c108be0b2"}
,"/var/www/html/test-restAPI/src/controllers/clients.js": {"path":"/var/www/html/test-restAPI/src/controllers/clients.js","statementMap":{"0":{"start":{"line":1,"column":23},"end":{"line":1,"column":44}},"1":{"start":{"line":2,"column":23},"end":{"line":2,"column":44}},"2":{"start":{"line":7,"column":23},"end":{"line":73,"column":1}},"3":{"start":{"line":8,"column":4},"end":{"line":72,"column":5}},"4":{"start":{"line":9,"column":25},"end":{"line":9,"column":33}},"5":{"start":{"line":10,"column":32},"end":{"line":10,"column":41}},"6":{"start":{"line":11,"column":21},"end":{"line":11,"column":39}},"7":{"start":{"line":12,"column":29},"end":{"line":12,"column":48}},"8":{"start":{"line":14,"column":8},"end":{"line":14,"column":75}},"9":{"start":{"line":14,"column":18},"end":{"line":14,"column":75}},"10":{"start":{"line":16,"column":8},"end":{"line":42,"column":9}},"11":{"start":{"line":17,"column":31},"end":{"line":17,"column":70}},"12":{"start":{"line":17,"column":51},"end":{"line":17,"column":69}},"13":{"start":{"line":19,"column":12},"end":{"line":32,"column":15}},"14":{"start":{"line":20,"column":34},"end":{"line":20,"column":36}},"15":{"start":{"line":21,"column":33},"end":{"line":21,"column":81}},"16":{"start":{"line":21,"column":58},"end":{"line":21,"column":80}},"17":{"start":{"line":23,"column":16},"end":{"line":29,"column":18}},"18":{"start":{"line":24,"column":21},"end":{"line":28,"column":22}},"19":{"start":{"line":31,"column":16},"end":{"line":31,"column":46}},"20":{"start":{"line":34,"column":12},"end":{"line":39,"column":13}},"21":{"start":{"line":35,"column":35},"end":{"line":35,"column":100}},"22":{"start":{"line":35,"column":68},"end":{"line":35,"column":86}},"23":{"start":{"line":36,"column":34},"end":{"line":36,"column":102}},"24":{"start":{"line":38,"column":16},"end":{"line":38,"column":55}},"25":{"start":{"line":40,"column":37},"end":{"line":40,"column":60}},"26":{"start":{"line":41,"column":12},"end":{"line":41,"column":58}},"27":{"start":{"line":44,"column":8},"end":{"line":69,"column":9}},"28":{"start":{"line":46,"column":12},"end":{"line":59,"column":15}},"29":{"start":{"line":47,"column":34},"end":{"line":47,"column":36}},"30":{"start":{"line":48,"column":33},"end":{"line":48,"column":81}},"31":{"start":{"line":48,"column":58},"end":{"line":48,"column":80}},"32":{"start":{"line":50,"column":16},"end":{"line":56,"column":18}},"33":{"start":{"line":51,"column":20},"end":{"line":55,"column":22}},"34":{"start":{"line":58,"column":16},"end":{"line":58,"column":46}},"35":{"start":{"line":61,"column":12},"end":{"line":66,"column":13}},"36":{"start":{"line":62,"column":35},"end":{"line":62,"column":88}},"37":{"start":{"line":62,"column":62},"end":{"line":62,"column":80}},"38":{"start":{"line":63,"column":34},"end":{"line":63,"column":96}},"39":{"start":{"line":65,"column":16},"end":{"line":65,"column":55}},"40":{"start":{"line":68,"column":10},"end":{"line":68,"column":45}},"41":{"start":{"line":71,"column":8},"end":{"line":71,"column":18}},"42":{"start":{"line":76,"column":23},"end":{"line":136,"column":1}},"43":{"start":{"line":77,"column":4},"end":{"line":135,"column":5}},"44":{"start":{"line":78,"column":25},"end":{"line":78,"column":33}},"45":{"start":{"line":79,"column":23},"end":{"line":79,"column":33}},"46":{"start":{"line":80,"column":27},"end":{"line":80,"column":45}},"47":{"start":{"line":81,"column":29},"end":{"line":81,"column":48}},"48":{"start":{"line":83,"column":8},"end":{"line":83,"column":75}},"49":{"start":{"line":83,"column":18},"end":{"line":83,"column":75}},"50":{"start":{"line":85,"column":8},"end":{"line":109,"column":9}},"51":{"start":{"line":86,"column":31},"end":{"line":86,"column":76}},"52":{"start":{"line":86,"column":57},"end":{"line":86,"column":75}},"53":{"start":{"line":88,"column":12},"end":{"line":88,"column":87}},"54":{"start":{"line":88,"column":28},"end":{"line":88,"column":87}},"55":{"start":{"line":90,"column":36},"end":{"line":90,"column":69}},"56":{"start":{"line":90,"column":57},"end":{"line":90,"column":68}},"57":{"start":{"line":92,"column":12},"end":{"line":92,"column":91}},"58":{"start":{"line":92,"column":32},"end":{"line":92,"column":91}},"59":{"start":{"line":94,"column":33},"end":{"line":94,"column":35}},"60":{"start":{"line":95,"column":42},"end":{"line":95,"column":85}},"61":{"start":{"line":95,"column":67},"end":{"line":95,"column":84}},"62":{"start":{"line":97,"column":16},"end":{"line":104,"column":18}},"63":{"start":{"line":99,"column":20},"end":{"line":103,"column":22}},"64":{"start":{"line":106,"column":16},"end":{"line":106,"column":56}},"65":{"start":{"line":107,"column":35},"end":{"line":107,"column":66}},"66":{"start":{"line":108,"column":16},"end":{"line":108,"column":56}},"67":{"start":{"line":111,"column":8},"end":{"line":132,"column":9}},"68":{"start":{"line":112,"column":36},"end":{"line":112,"column":69}},"69":{"start":{"line":112,"column":57},"end":{"line":112,"column":68}},"70":{"start":{"line":114,"column":12},"end":{"line":114,"column":91}},"71":{"start":{"line":114,"column":32},"end":{"line":114,"column":91}},"72":{"start":{"line":116,"column":29},"end":{"line":116,"column":31}},"73":{"start":{"line":117,"column":38},"end":{"line":117,"column":81}},"74":{"start":{"line":117,"column":63},"end":{"line":117,"column":80}},"75":{"start":{"line":119,"column":12},"end":{"line":126,"column":14}},"76":{"start":{"line":121,"column":16},"end":{"line":125,"column":18}},"77":{"start":{"line":128,"column":12},"end":{"line":128,"column":52}},"78":{"start":{"line":129,"column":31},"end":{"line":129,"column":62}},"79":{"start":{"line":130,"column":12},"end":{"line":130,"column":52}},"80":{"start":{"line":134,"column":8},"end":{"line":134,"column":18}},"81":{"start":{"line":139,"column":30},"end":{"line":198,"column":1}},"82":{"start":{"line":140,"column":4},"end":{"line":197,"column":5}},"83":{"start":{"line":141,"column":25},"end":{"line":141,"column":33}},"84":{"start":{"line":142,"column":23},"end":{"line":142,"column":33}},"85":{"start":{"line":143,"column":27},"end":{"line":143,"column":45}},"86":{"start":{"line":144,"column":29},"end":{"line":144,"column":48}},"87":{"start":{"line":146,"column":8},"end":{"line":146,"column":75}},"88":{"start":{"line":146,"column":18},"end":{"line":146,"column":75}},"89":{"start":{"line":148,"column":8},"end":{"line":171,"column":9}},"90":{"start":{"line":149,"column":31},"end":{"line":149,"column":76}},"91":{"start":{"line":149,"column":57},"end":{"line":149,"column":75}},"92":{"start":{"line":151,"column":12},"end":{"line":151,"column":87}},"93":{"start":{"line":151,"column":28},"end":{"line":151,"column":87}},"94":{"start":{"line":153,"column":29},"end":{"line":153,"column":31}},"95":{"start":{"line":154,"column":34},"end":{"line":154,"column":73}},"96":{"start":{"line":154,"column":58},"end":{"line":154,"column":72}},"97":{"start":{"line":156,"column":12},"end":{"line":156,"column":90}},"98":{"start":{"line":156,"column":31},"end":{"line":156,"column":90}},"99":{"start":{"line":158,"column":42},"end":{"line":158,"column":113}},"100":{"start":{"line":158,"column":74},"end":{"line":158,"column":112}},"101":{"start":{"line":160,"column":12},"end":{"line":168,"column":14}},"102":{"start":{"line":161,"column":16},"end":{"line":167,"column":18}},"103":{"start":{"line":170,"column":12},"end":{"line":170,"column":50}},"104":{"start":{"line":173,"column":8},"end":{"line":193,"column":9}},"105":{"start":{"line":174,"column":34},"end":{"line":174,"column":73}},"106":{"start":{"line":174,"column":58},"end":{"line":174,"column":72}},"107":{"start":{"line":176,"column":12},"end":{"line":176,"column":90}},"108":{"start":{"line":176,"column":31},"end":{"line":176,"column":90}},"109":{"start":{"line":178,"column":29},"end":{"line":178,"column":31}},"110":{"start":{"line":179,"column":42},"end":{"line":179,"column":113}},"111":{"start":{"line":179,"column":74},"end":{"line":179,"column":112}},"112":{"start":{"line":181,"column":12},"end":{"line":189,"column":14}},"113":{"start":{"line":182,"column":16},"end":{"line":188,"column":18}},"114":{"start":{"line":191,"column":12},"end":{"line":191,"column":50}},"115":{"start":{"line":196,"column":8},"end":{"line":196,"column":18}},"116":{"start":{"line":200,"column":0},"end":{"line":204,"column":1}}},"fnMap":{"0":{"name":"(anonymous_0)","decl":{"start":{"line":7,"column":23},"end":{"line":7,"column":24}},"loc":{"start":{"line":7,"column":49},"end":{"line":73,"column":1}},"line":7},"1":{"name":"(anonymous_1)","decl":{"start":{"line":17,"column":43},"end":{"line":17,"column":44}},"loc":{"start":{"line":17,"column":51},"end":{"line":17,"column":69}},"line":17},"2":{"name":"(anonymous_2)","decl":{"start":{"line":19,"column":27},"end":{"line":19,"column":28}},"loc":{"start":{"line":19,"column":35},"end":{"line":32,"column":14}},"line":19},"3":{"name":"(anonymous_3)","decl":{"start":{"line":21,"column":53},"end":{"line":21,"column":54}},"loc":{"start":{"line":21,"column":58},"end":{"line":21,"column":80}},"line":21},"4":{"name":"(anonymous_4)","decl":{"start":{"line":23,"column":29},"end":{"line":23,"column":30}},"loc":{"start":{"line":23,"column":34},"end":{"line":29,"column":17}},"line":23},"5":{"name":"(anonymous_5)","decl":{"start":{"line":35,"column":60},"end":{"line":35,"column":61}},"loc":{"start":{"line":35,"column":68},"end":{"line":35,"column":86}},"line":35},"6":{"name":"(anonymous_6)","decl":{"start":{"line":46,"column":21},"end":{"line":46,"column":22}},"loc":{"start":{"line":46,"column":29},"end":{"line":59,"column":14}},"line":46},"7":{"name":"(anonymous_7)","decl":{"start":{"line":48,"column":53},"end":{"line":48,"column":54}},"loc":{"start":{"line":48,"column":58},"end":{"line":48,"column":80}},"line":48},"8":{"name":"(anonymous_8)","decl":{"start":{"line":50,"column":29},"end":{"line":50,"column":30}},"loc":{"start":{"line":50,"column":34},"end":{"line":56,"column":17}},"line":50},"9":{"name":"(anonymous_9)","decl":{"start":{"line":62,"column":54},"end":{"line":62,"column":55}},"loc":{"start":{"line":62,"column":62},"end":{"line":62,"column":80}},"line":62},"10":{"name":"(anonymous_10)","decl":{"start":{"line":76,"column":23},"end":{"line":76,"column":24}},"loc":{"start":{"line":76,"column":49},"end":{"line":136,"column":1}},"line":76},"11":{"name":"(anonymous_11)","decl":{"start":{"line":86,"column":49},"end":{"line":86,"column":50}},"loc":{"start":{"line":86,"column":57},"end":{"line":86,"column":75}},"line":86},"12":{"name":"(anonymous_12)","decl":{"start":{"line":90,"column":52},"end":{"line":90,"column":53}},"loc":{"start":{"line":90,"column":57},"end":{"line":90,"column":68}},"line":90},"13":{"name":"(anonymous_13)","decl":{"start":{"line":95,"column":62},"end":{"line":95,"column":63}},"loc":{"start":{"line":95,"column":67},"end":{"line":95,"column":84}},"line":95},"14":{"name":"(anonymous_14)","decl":{"start":{"line":97,"column":37},"end":{"line":97,"column":38}},"loc":{"start":{"line":97,"column":42},"end":{"line":104,"column":17}},"line":97},"15":{"name":"(anonymous_15)","decl":{"start":{"line":112,"column":52},"end":{"line":112,"column":53}},"loc":{"start":{"line":112,"column":57},"end":{"line":112,"column":68}},"line":112},"16":{"name":"(anonymous_16)","decl":{"start":{"line":117,"column":58},"end":{"line":117,"column":59}},"loc":{"start":{"line":117,"column":63},"end":{"line":117,"column":80}},"line":117},"17":{"name":"(anonymous_17)","decl":{"start":{"line":119,"column":33},"end":{"line":119,"column":34}},"loc":{"start":{"line":119,"column":38},"end":{"line":126,"column":13}},"line":119},"18":{"name":"(anonymous_18)","decl":{"start":{"line":139,"column":30},"end":{"line":139,"column":31}},"loc":{"start":{"line":139,"column":56},"end":{"line":198,"column":1}},"line":139},"19":{"name":"(anonymous_19)","decl":{"start":{"line":149,"column":49},"end":{"line":149,"column":50}},"loc":{"start":{"line":149,"column":57},"end":{"line":149,"column":75}},"line":149},"20":{"name":"(anonymous_20)","decl":{"start":{"line":154,"column":50},"end":{"line":154,"column":51}},"loc":{"start":{"line":154,"column":58},"end":{"line":154,"column":72}},"line":154},"21":{"name":"(anonymous_21)","decl":{"start":{"line":158,"column":62},"end":{"line":158,"column":63}},"loc":{"start":{"line":158,"column":74},"end":{"line":158,"column":112}},"line":158},"22":{"name":"(anonymous_22)","decl":{"start":{"line":160,"column":38},"end":{"line":160,"column":39}},"loc":{"start":{"line":160,"column":49},"end":{"line":168,"column":13}},"line":160},"23":{"name":"(anonymous_23)","decl":{"start":{"line":174,"column":50},"end":{"line":174,"column":51}},"loc":{"start":{"line":174,"column":58},"end":{"line":174,"column":72}},"line":174},"24":{"name":"(anonymous_24)","decl":{"start":{"line":179,"column":62},"end":{"line":179,"column":63}},"loc":{"start":{"line":179,"column":74},"end":{"line":179,"column":112}},"line":179},"25":{"name":"(anonymous_25)","decl":{"start":{"line":181,"column":38},"end":{"line":181,"column":39}},"loc":{"start":{"line":181,"column":49},"end":{"line":189,"column":13}},"line":181}},"branchMap":{"0":{"loc":{"start":{"line":14,"column":8},"end":{"line":14,"column":75}},"type":"if","locations":[{"start":{"line":14,"column":8},"end":{"line":14,"column":75}},{"start":{"line":14,"column":8},"end":{"line":14,"column":75}}],"line":14},"1":{"loc":{"start":{"line":16,"column":8},"end":{"line":42,"column":9}},"type":"if","locations":[{"start":{"line":16,"column":8},"end":{"line":42,"column":9}},{"start":{"line":16,"column":8},"end":{"line":42,"column":9}}],"line":16},"2":{"loc":{"start":{"line":34,"column":12},"end":{"line":39,"column":13}},"type":"if","locations":[{"start":{"line":34,"column":12},"end":{"line":39,"column":13}},{"start":{"line":34,"column":12},"end":{"line":39,"column":13}}],"line":34},"3":{"loc":{"start":{"line":34,"column":15},"end":{"line":34,"column":28}},"type":"binary-expr","locations":[{"start":{"line":34,"column":15},"end":{"line":34,"column":20}},{"start":{"line":34,"column":24},"end":{"line":34,"column":28}}],"line":34},"4":{"loc":{"start":{"line":35,"column":35},"end":{"line":35,"column":100}},"type":"cond-expr","locations":[{"start":{"line":35,"column":42},"end":{"line":35,"column":87}},{"start":{"line":35,"column":90},"end":{"line":35,"column":100}}],"line":35},"5":{"loc":{"start":{"line":36,"column":34},"end":{"line":36,"column":102}},"type":"cond-expr","locations":[{"start":{"line":36,"column":47},"end":{"line":36,"column":73}},{"start":{"line":36,"column":76},"end":{"line":36,"column":102}}],"line":36},"6":{"loc":{"start":{"line":44,"column":8},"end":{"line":69,"column":9}},"type":"if","locations":[{"start":{"line":44,"column":8},"end":{"line":69,"column":9}},{"start":{"line":44,"column":8},"end":{"line":69,"column":9}}],"line":44},"7":{"loc":{"start":{"line":61,"column":12},"end":{"line":66,"column":13}},"type":"if","locations":[{"start":{"line":61,"column":12},"end":{"line":66,"column":13}},{"start":{"line":61,"column":12},"end":{"line":66,"column":13}}],"line":61},"8":{"loc":{"start":{"line":61,"column":15},"end":{"line":61,"column":28}},"type":"binary-expr","locations":[{"start":{"line":61,"column":15},"end":{"line":61,"column":20}},{"start":{"line":61,"column":24},"end":{"line":61,"column":28}}],"line":61},"9":{"loc":{"start":{"line":62,"column":35},"end":{"line":62,"column":88}},"type":"cond-expr","locations":[{"start":{"line":62,"column":42},"end":{"line":62,"column":81}},{"start":{"line":62,"column":84},"end":{"line":62,"column":88}}],"line":62},"10":{"loc":{"start":{"line":63,"column":34},"end":{"line":63,"column":96}},"type":"cond-expr","locations":[{"start":{"line":63,"column":47},"end":{"line":63,"column":73}},{"start":{"line":63,"column":76},"end":{"line":63,"column":96}}],"line":63},"11":{"loc":{"start":{"line":83,"column":8},"end":{"line":83,"column":75}},"type":"if","locations":[{"start":{"line":83,"column":8},"end":{"line":83,"column":75}},{"start":{"line":83,"column":8},"end":{"line":83,"column":75}}],"line":83},"12":{"loc":{"start":{"line":85,"column":8},"end":{"line":109,"column":9}},"type":"if","locations":[{"start":{"line":85,"column":8},"end":{"line":109,"column":9}},{"start":{"line":85,"column":8},"end":{"line":109,"column":9}}],"line":85},"13":{"loc":{"start":{"line":88,"column":12},"end":{"line":88,"column":87}},"type":"if","locations":[{"start":{"line":88,"column":12},"end":{"line":88,"column":87}},{"start":{"line":88,"column":12},"end":{"line":88,"column":87}}],"line":88},"14":{"loc":{"start":{"line":92,"column":12},"end":{"line":92,"column":91}},"type":"if","locations":[{"start":{"line":92,"column":12},"end":{"line":92,"column":91}},{"start":{"line":92,"column":12},"end":{"line":92,"column":91}}],"line":92},"15":{"loc":{"start":{"line":111,"column":8},"end":{"line":132,"column":9}},"type":"if","locations":[{"start":{"line":111,"column":8},"end":{"line":132,"column":9}},{"start":{"line":111,"column":8},"end":{"line":132,"column":9}}],"line":111},"16":{"loc":{"start":{"line":114,"column":12},"end":{"line":114,"column":91}},"type":"if","locations":[{"start":{"line":114,"column":12},"end":{"line":114,"column":91}},{"start":{"line":114,"column":12},"end":{"line":114,"column":91}}],"line":114},"17":{"loc":{"start":{"line":146,"column":8},"end":{"line":146,"column":75}},"type":"if","locations":[{"start":{"line":146,"column":8},"end":{"line":146,"column":75}},{"start":{"line":146,"column":8},"end":{"line":146,"column":75}}],"line":146},"18":{"loc":{"start":{"line":148,"column":8},"end":{"line":171,"column":9}},"type":"if","locations":[{"start":{"line":148,"column":8},"end":{"line":171,"column":9}},{"start":{"line":148,"column":8},"end":{"line":171,"column":9}}],"line":148},"19":{"loc":{"start":{"line":151,"column":12},"end":{"line":151,"column":87}},"type":"if","locations":[{"start":{"line":151,"column":12},"end":{"line":151,"column":87}},{"start":{"line":151,"column":12},"end":{"line":151,"column":87}}],"line":151},"20":{"loc":{"start":{"line":156,"column":12},"end":{"line":156,"column":90}},"type":"if","locations":[{"start":{"line":156,"column":12},"end":{"line":156,"column":90}},{"start":{"line":156,"column":12},"end":{"line":156,"column":90}}],"line":156},"21":{"loc":{"start":{"line":173,"column":8},"end":{"line":193,"column":9}},"type":"if","locations":[{"start":{"line":173,"column":8},"end":{"line":193,"column":9}},{"start":{"line":173,"column":8},"end":{"line":193,"column":9}}],"line":173},"22":{"loc":{"start":{"line":176,"column":12},"end":{"line":176,"column":90}},"type":"if","locations":[{"start":{"line":176,"column":12},"end":{"line":176,"column":90}},{"start":{"line":176,"column":12},"end":{"line":176,"column":90}}],"line":176}},"s":{"0":2,"1":2,"2":2,"3":4,"4":4,"5":4,"6":4,"7":4,"8":4,"9":0,"10":4,"11":4,"12":776,"13":4,"14":380,"15":380,"16":73340,"17":380,"18":0,"19":380,"20":4,"21":3,"22":190,"23":3,"24":3,"25":1,"26":1,"27":0,"28":0,"29":0,"30":0,"31":0,"32":0,"33":0,"34":0,"35":0,"36":0,"37":0,"38":0,"39":0,"40":0,"41":0,"42":2,"43":2,"44":2,"45":2,"46":2,"47":2,"48":2,"49":0,"50":2,"51":2,"52":388,"53":2,"54":0,"55":2,"56":96,"57":2,"58":1,"59":1,"60":1,"61":193,"62":1,"63":0,"64":1,"65":1,"66":1,"67":0,"68":0,"69":0,"70":0,"71":0,"72":0,"73":0,"74":0,"75":0,"76":0,"77":0,"78":0,"79":0,"80":0,"81":2,"82":1,"83":1,"84":1,"85":1,"86":1,"87":1,"88":0,"89":1,"90":1,"91":194,"92":1,"93":0,"94":1,"95":1,"96":1,"97":1,"98":0,"99":1,"100":193,"101":1,"102":0,"103":1,"104":0,"105":0,"106":0,"107":0,"108":0,"109":0,"110":0,"111":0,"112":0,"113":0,"114":0,"115":0,"116":2},"f":{"0":4,"1":776,"2":380,"3":73340,"4":0,"5":190,"6":0,"7":0,"8":0,"9":0,"10":2,"11":388,"12":96,"13":193,"14":0,"15":0,"16":0,"17":0,"18":1,"19":194,"20":1,"21":193,"22":0,"23":0,"24":0,"25":0},"b":{"0":[0,4],"1":[4,0],"2":[3,1],"3":[4,2],"4":[2,1],"5":[3,0],"6":[0,0],"7":[0,0],"8":[0,0],"9":[0,0],"10":[0,0],"11":[0,2],"12":[2,0],"13":[0,2],"14":[1,1],"15":[0,0],"16":[0,0],"17":[0,1],"18":[1,0],"19":[0,1],"20":[0,1],"21":[0,0],"22":[0,0]},"_coverageSchema":"1a1c01bbd47fc00a2c39e90264f33305004495a9","hash":"1f1bfea8a486a666794703d6c29dd0066cfd83f0"}
,"/var/www/html/test-restAPI/src/controllers/policies.js": {"path":"/var/www/html/test-restAPI/src/controllers/policies.js","statementMap":{"0":{"start":{"line":1,"column":23},"end":{"line":1,"column":44}},"1":{"start":{"line":4,"column":24},"end":{"line":22,"column":1}},"2":{"start":{"line":5,"column":4},"end":{"line":21,"column":5}},"3":{"start":{"line":6,"column":23},"end":{"line":6,"column":25}},"4":{"start":{"line":7,"column":26},"end":{"line":7,"column":35}},"5":{"start":{"line":8,"column":21},"end":{"line":8,"column":40}},"6":{"start":{"line":9,"column":26},"end":{"line":9,"column":52}},"7":{"start":{"line":11,"column":8},"end":{"line":15,"column":10}},"8":{"start":{"line":12,"column":53},"end":{"line":12,"column":54}},"9":{"start":{"line":14,"column":12},"end":{"line":14,"column":49}},"10":{"start":{"line":17,"column":8},"end":{"line":17,"column":46}},"11":{"start":{"line":20,"column":8},"end":{"line":20,"column":18}},"12":{"start":{"line":25,"column":24},"end":{"line":38,"column":1}},"13":{"start":{"line":26,"column":4},"end":{"line":37,"column":5}},"14":{"start":{"line":27,"column":23},"end":{"line":27,"column":33}},"15":{"start":{"line":28,"column":21},"end":{"line":28,"column":40}},"16":{"start":{"line":29,"column":25},"end":{"line":29,"column":52}},"17":{"start":{"line":29,"column":40},"end":{"line":29,"column":51}},"18":{"start":{"line":31,"column":8},"end":{"line":31,"column":79}},"19":{"start":{"line":31,"column":22},"end":{"line":31,"column":79}},"20":{"start":{"line":33,"column":8},"end":{"line":33,"column":46}},"21":{"start":{"line":36,"column":8},"end":{"line":36,"column":18}},"22":{"start":{"line":40,"column":0},"end":{"line":43,"column":1}}},"fnMap":{"0":{"name":"(anonymous_0)","decl":{"start":{"line":4,"column":24},"end":{"line":4,"column":25}},"loc":{"start":{"line":4,"column":50},"end":{"line":22,"column":1}},"line":4},"1":{"name":"(anonymous_1)","decl":{"start":{"line":11,"column":22},"end":{"line":11,"column":23}},"loc":{"start":{"line":11,"column":27},"end":{"line":15,"column":9}},"line":11},"2":{"name":"(anonymous_2)","decl":{"start":{"line":25,"column":24},"end":{"line":25,"column":25}},"loc":{"start":{"line":25,"column":50},"end":{"line":38,"column":1}},"line":25},"3":{"name":"(anonymous_3)","decl":{"start":{"line":29,"column":35},"end":{"line":29,"column":36}},"loc":{"start":{"line":29,"column":40},"end":{"line":29,"column":51}},"line":29}},"branchMap":{"0":{"loc":{"start":{"line":9,"column":40},"end":{"line":9,"column":51}},"type":"binary-expr","locations":[{"start":{"line":9,"column":40},"end":{"line":9,"column":45}},{"start":{"line":9,"column":49},"end":{"line":9,"column":51}}],"line":9},"1":{"loc":{"start":{"line":31,"column":8},"end":{"line":31,"column":79}},"type":"if","locations":[{"start":{"line":31,"column":8},"end":{"line":31,"column":79}},{"start":{"line":31,"column":8},"end":{"line":31,"column":79}}],"line":31}},"s":{"0":2,"1":2,"2":3,"3":3,"4":3,"5":3,"6":3,"7":3,"8":25,"9":25,"10":3,"11":0,"12":2,"13":2,"14":2,"15":2,"16":2,"17":200,"18":2,"19":1,"20":1,"21":0,"22":2},"f":{"0":3,"1":25,"2":2,"3":200},"b":{"0":[3,2],"1":[1,1]},"_coverageSchema":"1a1c01bbd47fc00a2c39e90264f33305004495a9","hash":"cfbe2629c44be3318e69a2b5563d063c7addd9dc"}
,"/var/www/html/test-restAPI/src/controllers/user.js": {"path":"/var/www/html/test-restAPI/src/controllers/user.js","statementMap":{"0":{"start":{"line":1,"column":32},"end":{"line":1,"column":50}},"1":{"start":{"line":3,"column":16},"end":{"line":3,"column":134}},"2":{"start":{"line":6,"column":19},"end":{"line":14,"column":1}},"3":{"start":{"line":8,"column":17},"end":{"line":8,"column":87}},"4":{"start":{"line":8,"column":36},"end":{"line":8,"column":86}},"5":{"start":{"line":10,"column":4},"end":{"line":13,"column":5}},"6":{"start":{"line":11,"column":42},"end":{"line":11,"column":46}},"7":{"start":{"line":12,"column":8},"end":{"line":12,"column":24}},"8":{"start":{"line":16,"column":14},"end":{"line":32,"column":1}},"9":{"start":{"line":17,"column":4},"end":{"line":31,"column":5}},"10":{"start":{"line":18,"column":21},"end":{"line":18,"column":29}},"11":{"start":{"line":19,"column":21},"end":{"line":19,"column":37}},"12":{"start":{"line":21,"column":8},"end":{"line":21,"column":88}},"13":{"start":{"line":21,"column":18},"end":{"line":21,"column":88}},"14":{"start":{"line":23,"column":28},"end":{"line":23,"column":53}},"15":{"start":{"line":25,"column":8},"end":{"line":25,"column":42}},"16":{"start":{"line":27,"column":8},"end":{"line":27,"column":15}},"17":{"start":{"line":30,"column":8},"end":{"line":30,"column":17}},"18":{"start":{"line":34,"column":0},"end":{"line":37,"column":1}}},"fnMap":{"0":{"name":"(anonymous_0)","decl":{"start":{"line":6,"column":19},"end":{"line":6,"column":20}},"loc":{"start":{"line":6,"column":47},"end":{"line":14,"column":1}},"line":6},"1":{"name":"(anonymous_1)","decl":{"start":{"line":8,"column":30},"end":{"line":8,"column":31}},"loc":{"start":{"line":8,"column":36},"end":{"line":8,"column":86}},"line":8},"2":{"name":"(anonymous_2)","decl":{"start":{"line":16,"column":14},"end":{"line":16,"column":15}},"loc":{"start":{"line":16,"column":34},"end":{"line":32,"column":1}},"line":16}},"branchMap":{"0":{"loc":{"start":{"line":8,"column":36},"end":{"line":8,"column":86}},"type":"binary-expr","locations":[{"start":{"line":8,"column":36},"end":{"line":8,"column":59}},{"start":{"line":8,"column":63},"end":{"line":8,"column":86}}],"line":8},"1":{"loc":{"start":{"line":10,"column":4},"end":{"line":13,"column":5}},"type":"if","locations":[{"start":{"line":10,"column":4},"end":{"line":13,"column":5}},{"start":{"line":10,"column":4},"end":{"line":13,"column":5}}],"line":10},"2":{"loc":{"start":{"line":21,"column":8},"end":{"line":21,"column":88}},"type":"if","locations":[{"start":{"line":21,"column":8},"end":{"line":21,"column":88}},{"start":{"line":21,"column":8},"end":{"line":21,"column":88}}],"line":21}},"s":{"0":3,"1":3,"2":3,"3":3,"4":4,"5":3,"6":2,"7":2,"8":3,"9":2,"10":2,"11":2,"12":2,"13":1,"14":2,"15":1,"16":1,"17":1,"18":3},"f":{"0":3,"1":4,"2":2},"b":{"0":[4,2],"1":[2,1],"2":[1,1]},"_coverageSchema":"1a1c01bbd47fc00a2c39e90264f33305004495a9","hash":"2508aae22f1b7941e5cbb69eb92e9bdb5806f178"}
,"/var/www/html/test-restAPI/src/routes/user.js": {"path":"/var/www/html/test-restAPI/src/routes/user.js","statementMap":{"0":{"start":{"line":1,"column":16},"end":{"line":1,"column":34}},"1":{"start":{"line":2,"column":15},"end":{"line":2,"column":31}},"2":{"start":{"line":4,"column":16},"end":{"line":4,"column":46}},"3":{"start":{"line":5,"column":19},"end":{"line":5,"column":40}},"4":{"start":{"line":8,"column":0},"end":{"line":8,"column":31}},"5":{"start":{"line":10,"column":0},"end":{"line":10,"column":24}}},"fnMap":{},"branchMap":{},"s":{"0":2,"1":2,"2":2,"3":2,"4":2,"5":2},"f":{},"b":{},"_coverageSchema":"1a1c01bbd47fc00a2c39e90264f33305004495a9","hash":"c7ebf578f2c252ef624b3f8afbe2e6d8290524f0"}
}
