TN:
SF:src/app.js
FN:28,(anonymous_0)
FNF:1
FNH:1
FNDA:1,(anonymous_0)
DA:1,2
DA:2,2
DA:3,2
DA:4,2
DA:8,2
DA:9,2
DA:10,2
DA:13,2
DA:16,2
DA:19,2
DA:22,2
DA:25,2
DA:28,2
DA:29,1
DA:33,2
LF:15
LH:15
BRF:0
BRH:0
end_of_record
TN:
SF:src/auth.js
FN:5,(anonymous_0)
FN:17,(anonymous_1)
FN:24,(anonymous_2)
FNF:3
FNH:3
FNDA:4,(anonymous_0)
FNDA:20,(anonymous_1)
FNDA:16,(anonymous_2)
DA:1,3
DA:2,3
DA:5,3
DA:6,4
DA:8,4
DA:13,3
DA:17,3
DA:18,20
DA:19,20
DA:21,20
DA:23,16
DA:24,16
DA:26,16
DA:28,13
DA:29,13
DA:34,1
DA:38,3
LF:17
LH:17
BRDA:19,0,0,20
BRDA:19,0,1,17
BRDA:21,1,0,4
BRDA:21,1,1,16
BRDA:26,2,0,3
BRDA:26,2,1,13
BRF:6
BRH:6
end_of_record
TN:
SF:src/_helpers/index.js
FN:7,(anonymous_0)
FN:20,(anonymous_1)
FNF:2
FNH:2
FNDA:29,(anonymous_0)
FNDA:22,(anonymous_1)
DA:1,3
DA:2,3
DA:3,3
DA:7,3
DA:8,29
DA:9,29
DA:10,28
DA:12,28
DA:15,1
DA:20,3
DA:21,22
DA:22,22
DA:23,21
DA:25,21
DA:27,1
DA:28,1
DA:32,20
DA:35,1
DA:40,3
LF:19
LH:19
BRDA:25,0,0,1
BRDA:25,0,1,20
BRF:2
BRH:2
end_of_record
TN:
SF:src/actions/index.js
FN:16,(anonymous_0)
FN:36,(anonymous_1)
FN:58,(anonymous_2)
FNF:3
FNH:3
FNDA:2,(anonymous_0)
FNDA:12,(anonymous_1)
FNDA:7,(anonymous_2)
DA:1,3
DA:2,3
DA:3,3
DA:6,3
DA:9,3
DA:16,3
DA:17,2
DA:18,2
DA:26,2
DA:28,2
DA:31,1
DA:36,3
DA:37,12
DA:38,12
DA:39,12
DA:40,12
DA:48,12
DA:49,12
DA:52,0
DA:58,3
DA:59,7
DA:60,7
DA:61,7
DA:63,7
DA:71,7
DA:72,7
DA:75,0
DA:80,3
LF:28
LH:26
BRDA:6,0,0,3
BRDA:6,0,1,1
BRDA:10,1,0,3
BRDA:10,1,1,1
BRDA:11,2,0,3
BRDA:11,2,1,1
BRF:6
BRH:6
end_of_record
TN:
SF:src/controllers/clients.js
FN:7,(anonymous_0)
FN:17,(anonymous_1)
FN:19,(anonymous_2)
FN:21,(anonymous_3)
FN:23,(anonymous_4)
FN:35,(anonymous_5)
FN:46,(anonymous_6)
FN:48,(anonymous_7)
FN:50,(anonymous_8)
FN:62,(anonymous_9)
FN:76,(anonymous_10)
FN:86,(anonymous_11)
FN:90,(anonymous_12)
FN:95,(anonymous_13)
FN:97,(anonymous_14)
FN:112,(anonymous_15)
FN:117,(anonymous_16)
FN:119,(anonymous_17)
FN:139,(anonymous_18)
FN:149,(anonymous_19)
FN:154,(anonymous_20)
FN:158,(anonymous_21)
FN:160,(anonymous_22)
FN:174,(anonymous_23)
FN:179,(anonymous_24)
FN:181,(anonymous_25)
FNF:26
FNH:13
FNDA:4,(anonymous_0)
FNDA:776,(anonymous_1)
FNDA:380,(anonymous_2)
FNDA:73340,(anonymous_3)
FNDA:0,(anonymous_4)
FNDA:190,(anonymous_5)
FNDA:0,(anonymous_6)
FNDA:0,(anonymous_7)
FNDA:0,(anonymous_8)
FNDA:0,(anonymous_9)
FNDA:2,(anonymous_10)
FNDA:388,(anonymous_11)
FNDA:96,(anonymous_12)
FNDA:193,(anonymous_13)
FNDA:0,(anonymous_14)
FNDA:0,(anonymous_15)
FNDA:0,(anonymous_16)
FNDA:0,(anonymous_17)
FNDA:1,(anonymous_18)
FNDA:194,(anonymous_19)
FNDA:1,(anonymous_20)
FNDA:193,(anonymous_21)
FNDA:0,(anonymous_22)
FNDA:0,(anonymous_23)
FNDA:0,(anonymous_24)
FNDA:0,(anonymous_25)
DA:1,2
DA:2,2
DA:7,2
DA:8,4
DA:9,4
DA:10,4
DA:11,4
DA:12,4
DA:14,4
DA:16,4
DA:17,776
DA:19,4
DA:20,380
DA:21,73340
DA:23,380
DA:24,0
DA:31,380
DA:34,4
DA:35,190
DA:36,3
DA:38,3
DA:40,1
DA:41,1
DA:44,0
DA:46,0
DA:47,0
DA:48,0
DA:50,0
DA:51,0
DA:58,0
DA:61,0
DA:62,0
DA:63,0
DA:65,0
DA:68,0
DA:71,0
DA:76,2
DA:77,2
DA:78,2
DA:79,2
DA:80,2
DA:81,2
DA:83,2
DA:85,2
DA:86,388
DA:88,2
DA:90,96
DA:92,2
DA:94,1
DA:95,193
DA:97,1
DA:99,0
DA:106,1
DA:107,1
DA:108,1
DA:111,0
DA:112,0
DA:114,0
DA:116,0
DA:117,0
DA:119,0
DA:121,0
DA:128,0
DA:129,0
DA:130,0
DA:134,0
DA:139,2
DA:140,1
DA:141,1
DA:142,1
DA:143,1
DA:144,1
DA:146,1
DA:148,1
DA:149,194
DA:151,1
DA:153,1
DA:154,1
DA:156,1
DA:158,193
DA:160,1
DA:161,0
DA:170,1
DA:173,0
DA:174,0
DA:176,0
DA:178,0
DA:179,0
DA:181,0
DA:182,0
DA:191,0
DA:196,0
DA:200,2
LF:93
LH:57
BRDA:14,0,0,0
BRDA:14,0,1,4
BRDA:16,1,0,4
BRDA:16,1,1,0
BRDA:34,2,0,3
BRDA:34,2,1,1
BRDA:34,3,0,4
BRDA:34,3,1,2
BRDA:35,4,0,2
BRDA:35,4,1,1
BRDA:36,5,0,3
BRDA:36,5,1,0
BRDA:44,6,0,0
BRDA:44,6,1,0
BRDA:61,7,0,0
BRDA:61,7,1,0
BRDA:61,8,0,0
BRDA:61,8,1,0
BRDA:62,9,0,0
BRDA:62,9,1,0
BRDA:63,10,0,0
BRDA:63,10,1,0
BRDA:83,11,0,0
BRDA:83,11,1,2
BRDA:85,12,0,2
BRDA:85,12,1,0
BRDA:88,13,0,0
BRDA:88,13,1,2
BRDA:92,14,0,1
BRDA:92,14,1,1
BRDA:111,15,0,0
BRDA:111,15,1,0
BRDA:114,16,0,0
BRDA:114,16,1,0
BRDA:146,17,0,0
BRDA:146,17,1,1
BRDA:148,18,0,1
BRDA:148,18,1,0
BRDA:151,19,0,0
BRDA:151,19,1,1
BRDA:156,20,0,0
BRDA:156,20,1,1
BRDA:173,21,0,0
BRDA:173,21,1,0
BRDA:176,22,0,0
BRDA:176,22,1,0
BRF:46
BRH:18
end_of_record
TN:
SF:src/controllers/policies.js
FN:4,(anonymous_0)
FN:11,(anonymous_1)
FN:25,(anonymous_2)
FN:29,(anonymous_3)
FNF:4
FNH:4
FNDA:3,(anonymous_0)
FNDA:25,(anonymous_1)
FNDA:2,(anonymous_2)
FNDA:200,(anonymous_3)
DA:1,2
DA:4,2
DA:5,3
DA:6,3
DA:7,3
DA:8,3
DA:9,3
DA:11,3
DA:12,25
DA:14,25
DA:17,3
DA:20,0
DA:25,2
DA:26,2
DA:27,2
DA:28,2
DA:29,200
DA:31,2
DA:33,1
DA:36,0
DA:40,2
LF:21
LH:19
BRDA:9,0,0,3
BRDA:9,0,1,2
BRDA:31,1,0,1
BRDA:31,1,1,1
BRF:4
BRH:4
end_of_record
TN:
SF:src/controllers/user.js
FN:6,(anonymous_0)
FN:8,(anonymous_1)
FN:16,(anonymous_2)
FNF:3
FNH:3
FNDA:3,(anonymous_0)
FNDA:4,(anonymous_1)
FNDA:2,(anonymous_2)
DA:1,3
DA:3,3
DA:6,3
DA:8,4
DA:10,3
DA:11,2
DA:12,2
DA:16,3
DA:17,2
DA:18,2
DA:19,2
DA:21,2
DA:23,2
DA:25,1
DA:27,1
DA:30,1
DA:34,3
LF:17
LH:17
BRDA:8,0,0,4
BRDA:8,0,1,2
BRDA:10,1,0,2
BRDA:10,1,1,1
BRDA:21,2,0,1
BRDA:21,2,1,1
BRF:6
BRH:6
end_of_record
TN:
SF:src/routes/user.js
FNF:0
FNH:0
DA:1,2
DA:2,2
DA:4,2
DA:5,2
DA:8,2
DA:10,2
LF:6
LH:6
BRF:0
BRH:0
end_of_record
